[INFO  - 2016-10-27T16:31:13.540Z] GhostDriver - Main - running on port 42299
[INFO  - 2016-10-27T16:31:14.241Z] Session [c7185ed0-9c62-11e6-a7eb-738c03638ebf] - page.settings - {"XSSAuditingEnabled":false,"javascriptCanCloseWindows":true,"javascriptCanOpenWindows":true,"javascriptEnabled":true,"loadImages":true,"localToRemoteUrlAccessEnabled":false,"userAgent":"Mozilla/5.0 (Windows NT 6.1; WOW64) AppleWebKit/538.1 (KHTML, like Gecko) PhantomJS/2.1.1 Safari/538.1","webSecurityEnabled":true}
[INFO  - 2016-10-27T16:31:14.241Z] Session [c7185ed0-9c62-11e6-a7eb-738c03638ebf] - page.customHeaders:  - {}
[INFO  - 2016-10-27T16:31:14.242Z] Session [c7185ed0-9c62-11e6-a7eb-738c03638ebf] - Session.negotiatedCapabilities - {"browserName":"phantomjs","version":"2.1.1","driverName":"ghostdriver","driverVersion":"1.2.0","platform":"windows-7-32bit","javascriptEnabled":true,"takesScreenshot":true,"handlesAlerts":false,"databaseEnabled":false,"locationContextEnabled":false,"applicationCacheEnabled":false,"browserConnectionEnabled":false,"cssSelectorsEnabled":true,"webStorageEnabled":false,"rotatable":false,"acceptSslCerts":false,"nativeEvents":true,"proxy":{"proxyType":"direct"}}
[INFO  - 2016-10-27T16:31:14.242Z] SessionManagerReqHand - _postNewSessionCommand - New Session Created: c7185ed0-9c62-11e6-a7eb-738c03638ebf
[INFO  - 2016-10-27T16:36:13.538Z] SessionManagerReqHand - _cleanupWindowlessSessions - Asynchronous Sessions clean-up phase starting NOW
[INFO  - 2016-10-27T16:36:13.539Z] SessionManagerReqHand - _cleanupWindowlessSessions - Deleted Session 'c7185ed0-9c62-11e6-a7eb-738c03638ebf', because windowless
mages":true,"localToRemoteUrlAccessEnabled":false,"userAgent":"Mozilla/5.0 (Windows NT 6.1; WOW64) AppleWebKit/538.1 (KHTML, like Gecko) PhantomJS/2.1.1 Safari/538.1","webSecurityEnabled":true}
[INFO  - 2016-10-27T16:31:23.999Z] Session [cce952b0-9c62-11e6-9164-031dab9323c0] - page.customHeaders:  - {}
[INFO  - 2016-10-27T16:31:23.999Z] Session [cce952b0-9c62-11e6-9164-031dab9323c0] - Session.negotiatedCapabilities - {"browserName":"phantomjs","version":"2.1.1","driverName":"ghostdriver","driverVersion":"1.2.0","platform":"windows-7-32bit","javascriptEnabled":true,"takesScreenshot":true,"handlesAlerts":false,"databaseEnabled":false,"locationContextEnabled":false,"applicationCacheEnabled":false,"browserConnectionEnabled":false,"cssSelectorsEnabled":true,"webStorageEnabled":false,"rotatable":false,"acceptSslCerts":false,"nativeEvents":true,"proxy":{"proxyType":"direct"}}
[INFO  - 2016-10-27T16:31:23.999Z] SessionManagerReqHand - _postNewSessionCommand - New Session Created: cce952b0-9c62-11e6-9164-031dab9323c0
[INFO  - 2016-10-27T16:36:23.277Z] SessionManagerReqHand - _cleanupWindowlessSessions - Asynchronous Sessions clean-up phase starting NOW
[INFO  - 2016-10-27T16:36:23.278Z] SessionManagerReqHand - _cleanupWindowlessSessions - Deleted Session 'cce952b0-9c62-11e6-9164-031dab9323c0', because windowless
Images":true,"localToRemoteUrlAccessEnabled":false,"userAgent":"Mozilla/5.0 (Windows NT 6.1; WOW64) AppleWebKit/538.1 (KHTML, like Gecko) PhantomJS/2.1.1 Safari/538.1","webSecurityEnabled":true}
[INFO  - 2016-10-27T16:31:56.090Z] Session [e00a0560-9c62-11e6-8eb0-c7ff7e0f3f93] - page.customHeaders:  - {}
[INFO  - 2016-10-27T16:31:56.091Z] Session [e00a0560-9c62-11e6-8eb0-c7ff7e0f3f93] - Session.negotiatedCapabilities - {"browserName":"phantomjs","version":"2.1.1","driverName":"ghostdriver","driverVersion":"1.2.0","platform":"windows-7-32bit","javascriptEnabled":true,"takesScreenshot":true,"handlesAlerts":false,"databaseEnabled":false,"locationContextEnabled":false,"applicationCacheEnabled":false,"browserConnectionEnabled":false,"cssSelectorsEnabled":true,"webStorageEnabled":false,"rotatable":false,"acceptSslCerts":false,"nativeEvents":true,"proxy":{"proxyType":"direct"}}
[INFO  - 2016-10-27T16:31:56.091Z] SessionManagerReqHand - _postNewSessionCommand - New Session Created: e00a0560-9c62-11e6-8eb0-c7ff7e0f3f93
[INFO  - 2016-10-27T16:36:55.424Z] SessionManagerReqHand - _cleanupWindowlessSessions - Asynchronous Sessions clean-up phase starting NOW
[INFO  - 2016-10-27T16:36:55.424Z] SessionManagerReqHand - _cleanupWindowlessSessions - Deleted Session 'e00a0560-9c62-11e6-8eb0-c7ff7e0f3f93', because windowless
Images":true,"localToRemoteUrlAccessEnabled":false,"userAgent":"Mozilla/5.0 (Windows NT 6.1; WOW64) AppleWebKit/538.1 (KHTML, like Gecko) PhantomJS/2.1.1 Safari/538.1","webSecurityEnabled":true}
[INFO  - 2016-10-27T16:32:03.924Z] Session [e4b53df0-9c62-11e6-a592-c71e59c013d7] - page.customHeaders:  - {}
[INFO  - 2016-10-27T16:32:03.924Z] Session [e4b53df0-9c62-11e6-a592-c71e59c013d7] - Session.negotiatedCapabilities - {"browserName":"phantomjs","version":"2.1.1","driverName":"ghostdriver","driverVersion":"1.2.0","platform":"windows-7-32bit","javascriptEnabled":true,"takesScreenshot":true,"handlesAlerts":false,"databaseEnabled":false,"locationContextEnabled":false,"applicationCacheEnabled":false,"browserConnectionEnabled":false,"cssSelectorsEnabled":true,"webStorageEnabled":false,"rotatable":false,"acceptSslCerts":false,"nativeEvents":true,"proxy":{"proxyType":"direct"}}
[INFO  - 2016-10-27T16:32:03.924Z] SessionManagerReqHand - _postNewSessionCommand - New Session Created: e4b53df0-9c62-11e6-a592-c71e59c013d7
[INFO  - 2016-10-27T16:37:03.230Z] SessionManagerReqHand - _cleanupWindowlessSessions - Asynchronous Sessions clean-up phase starting NOW
[INFO  - 2016-10-27T16:37:03.230Z] SessionManagerReqHand - _cleanupWindowlessSessions - Deleted Session 'e4b53df0-9c62-11e6-a592-c71e59c013d7', because windowless
[INFO  - 2016-10-27T16:40:45.010Z] GhostDriver - Main - running on port 44100
[INFO  - 2016-10-27T16:40:45.730Z] Session [1bba84d0-9c64-11e6-820c-17ffb12efc3a] - page.settings - {"XSSAuditingEnabled":false,"javascriptCanCloseWindows":true,"javascriptCanOpenWindows":true,"javascriptEnabled":true,"loadImages":true,"localToRemoteUrlAccessEnabled":false,"userAgent":"Mozilla/5.0 (Windows NT 6.1; WOW64) AppleWebKit/538.1 (KHTML, like Gecko) PhantomJS/2.1.1 Safari/538.1","webSecurityEnabled":true}
[INFO  - 2016-10-27T16:40:45.730Z] Session [1bba84d0-9c64-11e6-820c-17ffb12efc3a] - page.customHeaders:  - {}
[INFO  - 2016-10-27T16:40:45.730Z] Session [1bba84d0-9c64-11e6-820c-17ffb12efc3a] - Session.negotiatedCapabilities - {"browserName":"phantomjs","version":"2.1.1","driverName":"ghostdriver","driverVersion":"1.2.0","platform":"windows-7-32bit","javascriptEnabled":true,"takesScreenshot":true,"handlesAlerts":false,"databaseEnabled":false,"locationContextEnabled":false,"applicationCacheEnabled":false,"browserConnectionEnabled":false,"cssSelectorsEnabled":true,"webStorageEnabled":false,"rotatable":false,"acceptSslCerts":false,"nativeEvents":true,"proxy":{"proxyType":"direct"}}
[INFO  - 2016-10-27T16:40:45.730Z] SessionManagerReqHand - _postNewSessionCommand - New Session Created: 1bba84d0-9c64-11e6-820c-17ffb12efc3a
[INFO  - 2016-10-27T16:45:45.252Z] SessionManagerReqHand - _cleanupWindowlessSessions - Asynchronous Sessions clean-up phase starting NOW
[INFO  - 2016-10-27T16:45:45.252Z] SessionManagerReqHand - _cleanupWindowlessSessions - Deleted Session '1bba84d0-9c64-11e6-820c-17ffb12efc3a', because windowless
[INFO  - 2016-10-28T06:35:08.421Z] GhostDriver - Main - running on port 28336
[INFO  - 2016-10-28T06:35:08.857Z] Session [abad7740-9cd8-11e6-a3e3-c390584a0bf0] - page.settings - {"XSSAuditingEnabled":false,"javascriptCanCloseWindows":true,"javascriptCanOpenWindows":true,"javascriptEnabled":true,"loadImages":true,"localToRemoteUrlAccessEnabled":false,"userAgent":"Mozilla/5.0 (Windows NT 6.1; WOW64) AppleWebKit/538.1 (KHTML, like Gecko) PhantomJS/2.1.1 Safari/538.1","webSecurityEnabled":true}
[INFO  - 2016-10-28T06:35:08.857Z] Session [abad7740-9cd8-11e6-a3e3-c390584a0bf0] - page.customHeaders:  - {}
[INFO  - 2016-10-28T06:35:08.858Z] Session [abad7740-9cd8-11e6-a3e3-c390584a0bf0] - Session.negotiatedCapabilities - {"browserName":"phantomjs","version":"2.1.1","driverName":"ghostdriver","driverVersion":"1.2.0","platform":"windows-7-32bit","javascriptEnabled":true,"takesScreenshot":true,"handlesAlerts":false,"databaseEnabled":false,"locationContextEnabled":false,"applicationCacheEnabled":false,"browserConnectionEnabled":false,"cssSelectorsEnabled":true,"webStorageEnabled":false,"rotatable":false,"acceptSslCerts":false,"nativeEvents":true,"proxy":{"proxyType":"direct"}}
[INFO  - 2016-10-28T06:35:08.858Z] SessionManagerReqHand - _postNewSessionCommand - New Session Created: abad7740-9cd8-11e6-a3e3-c390584a0bf0
